{"success": true, "output": "======================================================================\nFAIL: test_division_by_zero (__main__.TestSafeEval.test_division_by_zero)\n----------------------------------------------------------------------\nTraceback (most recent call last):\n  File \"<string>\", line 19, in test_division_by_zero\nAssertionError: ValueError not raised\n\n======================================================================\nFAIL: test_malformed (__main__.TestSafeEval.test_malformed)\n----------------------------------------------------------------------\nTraceback (most recent call last):\n  File \"<string>\", line 22, in test_malformed\nAssertionError: ValueError not raised\n\n======================================================================\nFAIL: test_nested (__main__.TestSafeEval.test_nested)\n----------------------------------------------------------------------\nTraceback (most recent call last):\n  File \"<string>\", line 17, in test_nested\nAssertionError: 6.00000000000000 != 6\n\n======================================================================\nFAIL: test_valid (__main__.TestSafeEval.test_valid)\n----------------------------------------------------------------------\nTraceback (most recent call last):\n  File \"<string>\", line 15, in test_valid\nAssertionError: 14.0000000000000 != 14\n\n----------------------------------------------------------------------\nRan 4 tests in 0.001s\n\nFAILED (failures=4)\n42", "result": null, "plots": [], "error": null}