{"success": false, "output": "", "result": null, "plots": [], "error": "Traceback (most recent call last):\n  File \"/Users/harry/Documents/Python_Projects/ThinkingWithoutThinking/src/tools/python_exec_tool.py\", line 143, in _execute_code_isolated\n    exec(code_obj, env)\n  File \"<string>\", line 103, in <module>\n  File \"<string>\", line 94, in test_precedence\n  File \"/Library/Frameworks/Python.framework/Versions/3.12/lib/python3.12/unittest/case.py\", line 885, in assertEqual\n    assertion_func(first, second, msg=msg)\n  File \"/Library/Frameworks/Python.framework/Versions/3.12/lib/python3.12/unittest/case.py\", line 878, in _baseAssertEqual\n    raise self.failureException(msg)\nAssertionError: 20.0 != 14\n"}